0 info it worked if it ends with ok
1 verbose cli [ '/Users/dumeng/.nvm/versions/node/v7.3.0/bin/node',
1 verbose cli   '/Users/dumeng/.nvm/versions/node/v7.3.0/bin/npm',
1 verbose cli   'run',
1 verbose cli   'poem-dev' ]
2 info using npm@3.10.10
3 info using node@v7.3.0
4 verbose run-script [ 'prepoem-dev', 'poem-dev', 'postpoem-dev' ]
5 info lifecycle mysite@1.0.0~prepoem-dev: mysite@1.0.0
6 silly lifecycle mysite@1.0.0~prepoem-dev: no script for prepoem-dev, continuing
7 info lifecycle mysite@1.0.0~poem-dev: mysite@1.0.0
8 verbose lifecycle mysite@1.0.0~poem-dev: unsafe-perm in lifecycle true
9 verbose lifecycle mysite@1.0.0~poem-dev: PATH: /Users/dumeng/.nvm/versions/node/v7.3.0/lib/node_modules/npm/bin/node-gyp-bin:/Users/dumeng/projects/python/django/mysite/node_modules/.bin:/Users/dumeng/.yarn/bin:/Users/dumeng/.conscript/bin:/usr/local/virtual/python3.5/bin:/Users/dumeng/perl5/bin:/Users/dumeng/.nvm/versions/node/v7.3.0/bin:/usr/local/activator-dist-1.3.11/bin:/usr/local/opt/sqlite/bin:/Users/dumeng/Develop/scala-2.11.8//bin:/Users/dumeng/Develop/apache-cassandra-3.7//bin:/Users/dumeng/Develop/gradle-2.14//bin:/Users/dumeng/Library/Android/sdk//tools:/Users/dumeng/Library/Android/sdk//platform-tools:/Users/dumeng/Library/Android/sdk/:/Users/dumeng/Library/Android/sdk//tools:/Users/dumeng/Library/Android/sdk//platform-tools:/Users/dumeng/Library/Android/sdk/:/Users/dumeng/Develop/NDK/android-ndk-r10e:/Users/dumeng/Develop/NDK/android-ndk-r10e:/Applications/Cocos/tools/ant/bin:/Users/dumeng/.rvm/gems/ruby-2.3.0/bin:/Users/dumeng/.rvm/gems/ruby-2.3.0@global/bin:/Users/dumeng/.rvm/rubies/ruby-2.3.0/bin:/usr/local/bin:/usr/bin:/bin:/usr/sbin:/sbin:/opt/X11/bin:/usr/local/share/dotnet:/usr/local/git/bin:/Library/Frameworks/Mono.framework/Versions/Current/Commands:/Users/dumeng/.rvm/bin:/bin:/usr/bin:/usr/local/bin:/Users/dumeng/bin:/usr/local/Cellar/node/7.3.0/bin:/Users/dumeng/.rvm/gems/ruby-2.3.0/bin:/Users/dumeng/.rvm/gems/ruby-2.3.0/bin:.:/Users/dumeng/.m2/repository/:/User/dumeng/Develop/j3d/j3dcore.jar:/User/dumeng/Develop/j3d/j3dutils.jar:/User/dumeng/Develop/j3d/vecmath.jar:/Users/dumeng/.rvm/bin
10 verbose lifecycle mysite@1.0.0~poem-dev: CWD: /Users/dumeng/projects/python/django/mysite
11 silly lifecycle mysite@1.0.0~poem-dev: Args: [ '-c', 'webpack --config webpack.poem.config.js ' ]
12 silly lifecycle mysite@1.0.0~poem-dev: Returned: code: 2  signal: null
13 info lifecycle mysite@1.0.0~poem-dev: Failed to exec poem-dev script
14 verbose stack Error: mysite@1.0.0 poem-dev: `webpack --config webpack.poem.config.js `
14 verbose stack Exit status 2
14 verbose stack     at EventEmitter.<anonymous> (/Users/dumeng/.nvm/versions/node/v7.3.0/lib/node_modules/npm/lib/utils/lifecycle.js:255:16)
14 verbose stack     at emitTwo (events.js:106:13)
14 verbose stack     at EventEmitter.emit (events.js:191:7)
14 verbose stack     at ChildProcess.<anonymous> (/Users/dumeng/.nvm/versions/node/v7.3.0/lib/node_modules/npm/lib/utils/spawn.js:40:14)
14 verbose stack     at emitTwo (events.js:106:13)
14 verbose stack     at ChildProcess.emit (events.js:191:7)
14 verbose stack     at maybeClose (internal/child_process.js:885:16)
14 verbose stack     at Process.ChildProcess._handle.onexit (internal/child_process.js:226:5)
15 verbose pkgid mysite@1.0.0
16 verbose cwd /Users/dumeng/projects/python/django/mysite
17 error Darwin 16.5.0
18 error argv "/Users/dumeng/.nvm/versions/node/v7.3.0/bin/node" "/Users/dumeng/.nvm/versions/node/v7.3.0/bin/npm" "run" "poem-dev"
19 error node v7.3.0
20 error npm  v3.10.10
21 error code ELIFECYCLE
22 error mysite@1.0.0 poem-dev: `webpack --config webpack.poem.config.js `
22 error Exit status 2
23 error Failed at the mysite@1.0.0 poem-dev script 'webpack --config webpack.poem.config.js '.
23 error Make sure you have the latest version of node.js and npm installed.
23 error If you do, this is most likely a problem with the mysite package,
23 error not with npm itself.
23 error Tell the author that this fails on your system:
23 error     webpack --config webpack.poem.config.js
23 error You can get information on how to open an issue for this project with:
23 error     npm bugs mysite
23 error Or if that isn't available, you can get their info via:
23 error     npm owner ls mysite
23 error There is likely additional logging output above.
24 verbose exit [ 1, true ]
